<?xml version="1.0" encoding="UTF-8"?>
<testng-results skipped="0" failed="0" ignored="0" total="1" passed="1">
  <reporter-output>
  </reporter-output>
  <suite name="Default suite" duration-ms="78824" started-at="2019-03-12T16:11:41Z" finished-at="2019-03-12T16:13:00Z">
    <groups>
    </groups>
    <test name="Default test" duration-ms="78824" started-at="2019-03-12T16:11:41Z" finished-at="2019-03-12T16:13:00Z">
      <class name="com.training.sanity.tests.RTTC_015Test">
        <test-method status="PASS" signature="setUpBeforeClass()[pri:0, instance:com.training.sanity.tests.RTTC_015Test@66a3ffec]" name="setUpBeforeClass" is-config="true" duration-ms="96" started-at="2019-03-12T16:11:41Z" finished-at="2019-03-12T16:11:41Z">
          <reporter-output>
          </reporter-output>
        </test-method> <!-- setUpBeforeClass -->
        <test-method status="PASS" signature="setUp()[pri:0, instance:com.training.sanity.tests.RTTC_015Test@66a3ffec]" name="setUp" is-config="true" duration-ms="57730" started-at="2019-03-12T16:11:41Z" finished-at="2019-03-12T16:12:39Z">
          <reporter-output>
          </reporter-output>
        </test-method> <!-- setUp -->
        <test-method status="PASS" signature="DeleteProduct()[pri:0, instance:com.training.sanity.tests.RTTC_015Test@66a3ffec]" name="DeleteProduct" duration-ms="18217" started-at="2019-03-12T16:12:39Z" finished-at="2019-03-12T16:12:57Z">
          <reporter-output>
          </reporter-output>
        </test-method> <!-- DeleteProduct -->
        <test-method status="PASS" signature="tearDown()[pri:0, instance:com.training.sanity.tests.RTTC_015Test@66a3ffec]" name="tearDown" is-config="true" duration-ms="2647" started-at="2019-03-12T16:12:57Z" finished-at="2019-03-12T16:13:00Z">
          <reporter-output>
          </reporter-output>
        </test-method> <!-- tearDown -->
      </class> <!-- com.training.sanity.tests.RTTC_015Test -->
    </test> <!-- Default test -->
  </suite> <!-- Default suite -->
</testng-results>
